INFO:root:One Hot Encoding make, model, fueltype columns... 
DEBUG:root:dataframe columns: 
 Index(['year', 'mileage', 'engineCapacity', 'cylinders', 'abarth', 'alfa',
       'aston', 'audi', 'bentley', 'bmw',
       ...
       'xsara', 'yaris', 'yeti', 'z4', 'zafira', 'zt', 'benzina', 'diesel',
       'electric', 'hibrid'],
      dtype='object', length=553) 

DEBUG:root:encoded dataset row: 
 year               2019.0
mileage           19700.0
engineCapacity      998.0
cylinders             3.0
abarth                0.0
                   ...   
zt                    0.0
benzina               1.0
diesel                0.0
electric              0.0
hibrid                0.0
Name: 0, Length: 553, dtype: float64 

DEBUG:root:input dataset row: 
 year              0.0
mileage           0.0
engineCapacity    0.0
cylinders         0.0
abarth            0.0
                 ... 
zt                0.0
benzina           0.0
diesel            0.0
electric          0.0
hibrid            0.0
Name: 0, Length: 553, dtype: float64 

DEBUG:root:normalized and encoded dataset row: 
 year              0.854167
mileage           0.239739
engineCapacity    0.251102
cylinders         0.142857
abarth            0.000000
                    ...   
zt                0.000000
benzina           0.000000
diesel            1.000000
electric          0.000000
hibrid            0.000000
Name: 0, Length: 553, dtype: float64 

INFO:werkzeug:127.0.0.1 - - [26/Jan/2021 18:16:46] "[37mPOST /evaluate_price HTTP/1.1[0m" 200 -
INFO:werkzeug:127.0.0.1 - - [26/Jan/2021 18:19:18] "[37mOPTIONS /evaluate_price HTTP/1.1[0m" 200 -
INFO:root:One Hot Encoding make, model, fueltype columns... 
DEBUG:root:dataframe columns: 
 Index(['year', 'mileage', 'engineCapacity', 'cylinders', 'abarth', 'alfa',
       'aston', 'audi', 'bentley', 'bmw',
       ...
       'xsara', 'yaris', 'yeti', 'z4', 'zafira', 'zt', 'benzina', 'diesel',
       'electric', 'hibrid'],
      dtype='object', length=553) 

DEBUG:root:encoded dataset row: 
 year               2019.0
mileage           19700.0
engineCapacity      998.0
cylinders             3.0
abarth                0.0
                   ...   
zt                    0.0
benzina               1.0
diesel                0.0
electric              0.0
hibrid                0.0
Name: 0, Length: 553, dtype: float64 

DEBUG:root:input dataset row: 
 year              0.0
mileage           0.0
engineCapacity    0.0
cylinders         0.0
abarth            0.0
                 ... 
zt                0.0
benzina           0.0
diesel            0.0
electric          0.0
hibrid            0.0
Name: 0, Length: 553, dtype: float64 

DEBUG:root:normalized and encoded dataset row: 
 year              0.854167
mileage           0.239739
engineCapacity    0.251102
cylinders         0.142857
abarth            0.000000
                    ...   
zt                0.000000
benzina           0.000000
diesel            1.000000
electric          0.000000
hibrid            0.000000
Name: 0, Length: 553, dtype: float64 

INFO:werkzeug:127.0.0.1 - - [26/Jan/2021 18:19:19] "[37mPOST /evaluate_price HTTP/1.1[0m" 200 -
INFO:werkzeug:127.0.0.1 - - [26/Jan/2021 18:20:14] "[37mOPTIONS /evaluate_price HTTP/1.1[0m" 200 -
INFO:root:One Hot Encoding make, model, fueltype columns... 
DEBUG:root:dataframe columns: 
 Index(['year', 'mileage', 'engineCapacity', 'cylinders', 'abarth', 'alfa',
       'aston', 'audi', 'bentley', 'bmw',
       ...
       'xsara', 'yaris', 'yeti', 'z4', 'zafira', 'zt', 'benzina', 'diesel',
       'electric', 'hibrid'],
      dtype='object', length=553) 

DEBUG:root:encoded dataset row: 
 year               2019.0
mileage           19700.0
engineCapacity      998.0
cylinders             3.0
abarth                0.0
                   ...   
zt                    0.0
benzina               1.0
diesel                0.0
electric              0.0
hibrid                0.0
Name: 0, Length: 553, dtype: float64 

DEBUG:root:input dataset row: 
 year              0.0
mileage           0.0
engineCapacity    0.0
cylinders         0.0
abarth            0.0
                 ... 
zt                0.0
benzina           0.0
diesel            0.0
electric          0.0
hibrid            0.0
Name: 0, Length: 553, dtype: float64 

DEBUG:root:normalized and encoded dataset row: 
 year              0.854167
mileage           0.239739
engineCapacity    0.251102
cylinders         0.142857
abarth            0.000000
                    ...   
zt                0.000000
benzina           0.000000
diesel            1.000000
electric          0.000000
hibrid            0.000000
Name: 0, Length: 553, dtype: float64 

INFO:werkzeug:127.0.0.1 - - [26/Jan/2021 18:20:15] "[37mPOST /evaluate_price HTTP/1.1[0m" 200 -
INFO:werkzeug:127.0.0.1 - - [26/Jan/2021 18:24:01] "[37mOPTIONS /evaluate_price HTTP/1.1[0m" 200 -
INFO:root:One Hot Encoding make, model, fueltype columns... 
DEBUG:root:dataframe columns: 
 Index(['year', 'mileage', 'engineCapacity', 'cylinders', 'abarth', 'alfa',
       'aston', 'audi', 'bentley', 'bmw',
       ...
       'xsara', 'yaris', 'yeti', 'z4', 'zafira', 'zt', 'benzina', 'diesel',
       'electric', 'hibrid'],
      dtype='object', length=553) 

DEBUG:root:encoded dataset row: 
 year               2019.0
mileage           19700.0
engineCapacity      998.0
cylinders             3.0
abarth                0.0
                   ...   
zt                    0.0
benzina               1.0
diesel                0.0
electric              0.0
hibrid                0.0
Name: 0, Length: 553, dtype: float64 

DEBUG:root:input dataset row: 
 year              0.0
mileage           0.0
engineCapacity    0.0
cylinders         0.0
abarth            0.0
                 ... 
zt                0.0
benzina           0.0
diesel            0.0
electric          0.0
hibrid            0.0
Name: 0, Length: 553, dtype: float64 

DEBUG:root:normalized and encoded dataset row: 
 year              0.854167
mileage           0.239739
engineCapacity    0.251102
cylinders         0.142857
abarth            0.000000
                    ...   
zt                0.000000
benzina           0.000000
diesel            1.000000
electric          0.000000
hibrid            0.000000
Name: 0, Length: 553, dtype: float64 

INFO:werkzeug:127.0.0.1 - - [26/Jan/2021 18:24:02] "[37mPOST /evaluate_price HTTP/1.1[0m" 200 -
INFO:werkzeug:127.0.0.1 - - [26/Jan/2021 18:24:50] "[37mOPTIONS /evaluate_price HTTP/1.1[0m" 200 -
INFO:root:One Hot Encoding make, model, fueltype columns... 
DEBUG:root:dataframe columns: 
 Index(['year', 'mileage', 'engineCapacity', 'cylinders', 'abarth', 'alfa',
       'aston', 'audi', 'bentley', 'bmw',
       ...
       'xsara', 'yaris', 'yeti', 'z4', 'zafira', 'zt', 'benzina', 'diesel',
       'electric', 'hibrid'],
      dtype='object', length=553) 

DEBUG:root:encoded dataset row: 
 year               2019.0
mileage           19700.0
engineCapacity      998.0
cylinders             3.0
abarth                0.0
                   ...   
zt                    0.0
benzina               1.0
diesel                0.0
electric              0.0
hibrid                0.0
Name: 0, Length: 553, dtype: float64 

DEBUG:root:input dataset row: 
 year              0.0
mileage           0.0
engineCapacity    0.0
cylinders         0.0
abarth            0.0
                 ... 
zt                0.0
benzina           0.0
diesel            0.0
electric          0.0
hibrid            0.0
Name: 0, Length: 553, dtype: float64 

DEBUG:root:normalized and encoded dataset row: 
 year              0.854167
mileage           0.239739
engineCapacity    0.251102
cylinders         0.142857
abarth            0.000000
                    ...   
zt                0.000000
benzina           0.000000
diesel            1.000000
electric          0.000000
hibrid            0.000000
Name: 0, Length: 553, dtype: float64 

WARNING:tensorflow:5 out of the last 5 calls to <function Model.make_predict_function.<locals>.predict_function at 0x0000012F35DABC10> triggered tf.function retracing. Tracing is expensive and the excessive number of tracings could be due to (1) creating @tf.function repeatedly in a loop, (2) passing tensors with different shapes, (3) passing Python objects instead of tensors. For (1), please define your @tf.function outside of the loop. For (2), @tf.function has experimental_relax_shapes=True option that relaxes argument shapes that can avoid unnecessary retracing. For (3), please refer to https://www.tensorflow.org/guide/function#controlling_retracing and https://www.tensorflow.org/api_docs/python/tf/function for  more details.
INFO:werkzeug:127.0.0.1 - - [26/Jan/2021 18:24:51] "[37mPOST /evaluate_price HTTP/1.1[0m" 200 -
INFO:werkzeug:127.0.0.1 - - [26/Jan/2021 18:25:25] "[37mOPTIONS /evaluate_price HTTP/1.1[0m" 200 -
INFO:root:One Hot Encoding make, model, fueltype columns... 
DEBUG:root:dataframe columns: 
 Index(['year', 'mileage', 'engineCapacity', 'cylinders', 'abarth', 'alfa',
       'aston', 'audi', 'bentley', 'bmw',
       ...
       'xsara', 'yaris', 'yeti', 'z4', 'zafira', 'zt', 'benzina', 'diesel',
       'electric', 'hibrid'],
      dtype='object', length=553) 

DEBUG:root:encoded dataset row: 
 year               2019.0
mileage           19700.0
engineCapacity      998.0
cylinders             3.0
abarth                0.0
                   ...   
zt                    0.0
benzina               1.0
diesel                0.0
electric              0.0
hibrid                0.0
Name: 0, Length: 553, dtype: float64 

DEBUG:root:input dataset row: 
 year              0.0
mileage           0.0
engineCapacity    0.0
cylinders         0.0
abarth            0.0
                 ... 
zt                0.0
benzina           0.0
diesel            0.0
electric          0.0
hibrid            0.0
Name: 0, Length: 553, dtype: float64 

DEBUG:root:normalized and encoded dataset row: 
 year              0.854167
mileage           0.239739
engineCapacity    0.251102
cylinders         0.142857
abarth            0.000000
                    ...   
zt                0.000000
benzina           0.000000
diesel            1.000000
electric          0.000000
hibrid            0.000000
Name: 0, Length: 553, dtype: float64 

WARNING:tensorflow:6 out of the last 6 calls to <function Model.make_predict_function.<locals>.predict_function at 0x0000012F35DA1CA0> triggered tf.function retracing. Tracing is expensive and the excessive number of tracings could be due to (1) creating @tf.function repeatedly in a loop, (2) passing tensors with different shapes, (3) passing Python objects instead of tensors. For (1), please define your @tf.function outside of the loop. For (2), @tf.function has experimental_relax_shapes=True option that relaxes argument shapes that can avoid unnecessary retracing. For (3), please refer to https://www.tensorflow.org/guide/function#controlling_retracing and https://www.tensorflow.org/api_docs/python/tf/function for  more details.
INFO:werkzeug:127.0.0.1 - - [26/Jan/2021 18:25:26] "[37mPOST /evaluate_price HTTP/1.1[0m" 200 -
INFO:werkzeug:127.0.0.1 - - [26/Jan/2021 18:25:52] "[37mOPTIONS /evaluate_price HTTP/1.1[0m" 200 -
INFO:root:One Hot Encoding make, model, fueltype columns... 
DEBUG:root:dataframe columns: 
 Index(['year', 'mileage', 'engineCapacity', 'cylinders', 'abarth', 'alfa',
       'aston', 'audi', 'bentley', 'bmw',
       ...
       'xsara', 'yaris', 'yeti', 'z4', 'zafira', 'zt', 'benzina', 'diesel',
       'electric', 'hibrid'],
      dtype='object', length=553) 

DEBUG:root:encoded dataset row: 
 year               2019.0
mileage           19700.0
engineCapacity      998.0
cylinders             3.0
abarth                0.0
                   ...   
zt                    0.0
benzina               1.0
diesel                0.0
electric              0.0
hibrid                0.0
Name: 0, Length: 553, dtype: float64 

DEBUG:root:input dataset row: 
 year              0.0
mileage           0.0
engineCapacity    0.0
cylinders         0.0
abarth            0.0
                 ... 
zt                0.0
benzina           0.0
diesel            0.0
electric          0.0
hibrid            0.0
Name: 0, Length: 553, dtype: float64 

DEBUG:root:normalized and encoded dataset row: 
 year              0.854167
mileage           0.239739
engineCapacity    0.251102
cylinders         0.142857
abarth            0.000000
                    ...   
zt                0.000000
benzina           0.000000
diesel            1.000000
electric          0.000000
hibrid            0.000000
Name: 0, Length: 553, dtype: float64 

WARNING:tensorflow:7 out of the last 7 calls to <function Model.make_predict_function.<locals>.predict_function at 0x0000012F2ED6A0D0> triggered tf.function retracing. Tracing is expensive and the excessive number of tracings could be due to (1) creating @tf.function repeatedly in a loop, (2) passing tensors with different shapes, (3) passing Python objects instead of tensors. For (1), please define your @tf.function outside of the loop. For (2), @tf.function has experimental_relax_shapes=True option that relaxes argument shapes that can avoid unnecessary retracing. For (3), please refer to https://www.tensorflow.org/guide/function#controlling_retracing and https://www.tensorflow.org/api_docs/python/tf/function for  more details.
INFO:werkzeug:127.0.0.1 - - [26/Jan/2021 18:25:53] "[37mPOST /evaluate_price HTTP/1.1[0m" 200 -
INFO:werkzeug:127.0.0.1 - - [26/Jan/2021 18:28:06] "[37mOPTIONS /evaluate_price HTTP/1.1[0m" 200 -
INFO:root:One Hot Encoding make, model, fueltype columns... 
DEBUG:root:dataframe columns: 
 Index(['year', 'mileage', 'engineCapacity', 'cylinders', 'abarth', 'alfa',
       'aston', 'audi', 'bentley', 'bmw',
       ...
       'xsara', 'yaris', 'yeti', 'z4', 'zafira', 'zt', 'benzina', 'diesel',
       'electric', 'hibrid'],
      dtype='object', length=553) 

DEBUG:root:encoded dataset row: 
 year               2019.0
mileage           19700.0
engineCapacity      998.0
cylinders             3.0
abarth                0.0
                   ...   
zt                    0.0
benzina               1.0
diesel                0.0
electric              0.0
hibrid                0.0
Name: 0, Length: 553, dtype: float64 

DEBUG:root:input dataset row: 
 year              0.0
mileage           0.0
engineCapacity    0.0
cylinders         0.0
abarth            0.0
                 ... 
zt                0.0
benzina           0.0
diesel            0.0
electric          0.0
hibrid            0.0
Name: 0, Length: 553, dtype: float64 

DEBUG:root:normalized and encoded dataset row: 
 year              0.854167
mileage           0.239739
engineCapacity    0.251102
cylinders         0.142857
abarth            0.000000
                    ...   
zt                0.000000
benzina           0.000000
diesel            1.000000
electric          0.000000
hibrid            0.000000
Name: 0, Length: 553, dtype: float64 

WARNING:tensorflow:8 out of the last 8 calls to <function Model.make_predict_function.<locals>.predict_function at 0x0000012F35DA1A60> triggered tf.function retracing. Tracing is expensive and the excessive number of tracings could be due to (1) creating @tf.function repeatedly in a loop, (2) passing tensors with different shapes, (3) passing Python objects instead of tensors. For (1), please define your @tf.function outside of the loop. For (2), @tf.function has experimental_relax_shapes=True option that relaxes argument shapes that can avoid unnecessary retracing. For (3), please refer to https://www.tensorflow.org/guide/function#controlling_retracing and https://www.tensorflow.org/api_docs/python/tf/function for  more details.
INFO:werkzeug:127.0.0.1 - - [26/Jan/2021 18:28:07] "[37mPOST /evaluate_price HTTP/1.1[0m" 200 -
INFO:werkzeug:127.0.0.1 - - [26/Jan/2021 18:29:00] "[37mOPTIONS /evaluate_price HTTP/1.1[0m" 200 -
INFO:root:One Hot Encoding make, model, fueltype columns... 
DEBUG:root:dataframe columns: 
 Index(['year', 'mileage', 'engineCapacity', 'cylinders', 'abarth', 'alfa',
       'aston', 'audi', 'bentley', 'bmw',
       ...
       'xsara', 'yaris', 'yeti', 'z4', 'zafira', 'zt', 'benzina', 'diesel',
       'electric', 'hibrid'],
      dtype='object', length=553) 

DEBUG:root:encoded dataset row: 
 year               2019.0
mileage           19700.0
engineCapacity      998.0
cylinders             3.0
abarth                0.0
                   ...   
zt                    0.0
benzina               1.0
diesel                0.0
electric              0.0
hibrid                0.0
Name: 0, Length: 553, dtype: float64 

DEBUG:root:input dataset row: 
 year              0.0
mileage           0.0
engineCapacity    0.0
cylinders         0.0
abarth            0.0
                 ... 
zt                0.0
benzina           0.0
diesel            0.0
electric          0.0
hibrid            0.0
Name: 0, Length: 553, dtype: float64 

DEBUG:root:normalized and encoded dataset row: 
 year              0.854167
mileage           0.239739
engineCapacity    0.251102
cylinders         0.142857
abarth            0.000000
                    ...   
zt                0.000000
benzina           0.000000
diesel            1.000000
electric          0.000000
hibrid            0.000000
Name: 0, Length: 553, dtype: float64 

WARNING:tensorflow:9 out of the last 9 calls to <function Model.make_predict_function.<locals>.predict_function at 0x0000012F3517DD30> triggered tf.function retracing. Tracing is expensive and the excessive number of tracings could be due to (1) creating @tf.function repeatedly in a loop, (2) passing tensors with different shapes, (3) passing Python objects instead of tensors. For (1), please define your @tf.function outside of the loop. For (2), @tf.function has experimental_relax_shapes=True option that relaxes argument shapes that can avoid unnecessary retracing. For (3), please refer to https://www.tensorflow.org/guide/function#controlling_retracing and https://www.tensorflow.org/api_docs/python/tf/function for  more details.
INFO:werkzeug:127.0.0.1 - - [26/Jan/2021 18:29:01] "[37mPOST /evaluate_price HTTP/1.1[0m" 200 -
INFO:werkzeug:127.0.0.1 - - [26/Jan/2021 18:30:16] "[37mOPTIONS /evaluate_price HTTP/1.1[0m" 200 -
INFO:root:One Hot Encoding make, model, fueltype columns... 
DEBUG:root:dataframe columns: 
 Index(['year', 'mileage', 'engineCapacity', 'cylinders', 'abarth', 'alfa',
       'aston', 'audi', 'bentley', 'bmw',
       ...
       'xsara', 'yaris', 'yeti', 'z4', 'zafira', 'zt', 'benzina', 'diesel',
       'electric', 'hibrid'],
      dtype='object', length=553) 

DEBUG:root:encoded dataset row: 
 year               2019.0
mileage           19700.0
engineCapacity      998.0
cylinders             3.0
abarth                0.0
                   ...   
zt                    0.0
benzina               1.0
diesel                0.0
electric              0.0
hibrid                0.0
Name: 0, Length: 553, dtype: float64 

DEBUG:root:input dataset row: 
 year              0.0
mileage           0.0
engineCapacity    0.0
cylinders         0.0
abarth            0.0
                 ... 
zt                0.0
benzina           0.0
diesel            0.0
electric          0.0
hibrid            0.0
Name: 0, Length: 553, dtype: float64 

DEBUG:root:normalized and encoded dataset row: 
 year              0.854167
mileage           0.239739
engineCapacity    0.251102
cylinders         0.142857
abarth            0.000000
                    ...   
zt                0.000000
benzina           0.000000
diesel            1.000000
electric          0.000000
hibrid            0.000000
Name: 0, Length: 553, dtype: float64 

WARNING:tensorflow:10 out of the last 10 calls to <function Model.make_predict_function.<locals>.predict_function at 0x0000012F35DAB820> triggered tf.function retracing. Tracing is expensive and the excessive number of tracings could be due to (1) creating @tf.function repeatedly in a loop, (2) passing tensors with different shapes, (3) passing Python objects instead of tensors. For (1), please define your @tf.function outside of the loop. For (2), @tf.function has experimental_relax_shapes=True option that relaxes argument shapes that can avoid unnecessary retracing. For (3), please refer to https://www.tensorflow.org/guide/function#controlling_retracing and https://www.tensorflow.org/api_docs/python/tf/function for  more details.
INFO:werkzeug:127.0.0.1 - - [26/Jan/2021 18:30:17] "[37mPOST /evaluate_price HTTP/1.1[0m" 200 -
INFO:werkzeug:127.0.0.1 - - [26/Jan/2021 18:34:13] "[37mOPTIONS /evaluate_price HTTP/1.1[0m" 200 -
INFO:root:One Hot Encoding make, model, fueltype columns... 
DEBUG:root:dataframe columns: 
 Index(['year', 'mileage', 'engineCapacity', 'cylinders', 'abarth', 'alfa',
       'aston', 'audi', 'bentley', 'bmw',
       ...
       'xsara', 'yaris', 'yeti', 'z4', 'zafira', 'zt', 'benzina', 'diesel',
       'electric', 'hibrid'],
      dtype='object', length=553) 

DEBUG:root:encoded dataset row: 
 year               2019.0
mileage           19700.0
engineCapacity      998.0
cylinders             3.0
abarth                0.0
                   ...   
zt                    0.0
benzina               1.0
diesel                0.0
electric              0.0
hibrid                0.0
Name: 0, Length: 553, dtype: float64 

DEBUG:root:input dataset row: 
 year              0.0
mileage           0.0
engineCapacity    0.0
cylinders         0.0
abarth            0.0
                 ... 
zt                0.0
benzina           0.0
diesel            0.0
electric          0.0
hibrid            0.0
Name: 0, Length: 553, dtype: float64 

DEBUG:root:normalized and encoded dataset row: 
 year              0.854167
mileage           0.239739
engineCapacity    0.251102
cylinders         0.142857
abarth            0.000000
                    ...   
zt                0.000000
benzina           0.000000
diesel            1.000000
electric          0.000000
hibrid            0.000000
Name: 0, Length: 553, dtype: float64 

WARNING:tensorflow:11 out of the last 11 calls to <function Model.make_predict_function.<locals>.predict_function at 0x0000012F3623F790> triggered tf.function retracing. Tracing is expensive and the excessive number of tracings could be due to (1) creating @tf.function repeatedly in a loop, (2) passing tensors with different shapes, (3) passing Python objects instead of tensors. For (1), please define your @tf.function outside of the loop. For (2), @tf.function has experimental_relax_shapes=True option that relaxes argument shapes that can avoid unnecessary retracing. For (3), please refer to https://www.tensorflow.org/guide/function#controlling_retracing and https://www.tensorflow.org/api_docs/python/tf/function for  more details.
INFO:werkzeug:127.0.0.1 - - [26/Jan/2021 18:34:14] "[37mPOST /evaluate_price HTTP/1.1[0m" 200 -
INFO:werkzeug:127.0.0.1 - - [26/Jan/2021 18:34:28] "[37mOPTIONS /evaluate_price HTTP/1.1[0m" 200 -
INFO:root:One Hot Encoding make, model, fueltype columns... 
DEBUG:root:dataframe columns: 
 Index(['year', 'mileage', 'engineCapacity', 'cylinders', 'abarth', 'alfa',
       'aston', 'audi', 'bentley', 'bmw',
       ...
       'xsara', 'yaris', 'yeti', 'z4', 'zafira', 'zt', 'benzina', 'diesel',
       'electric', 'hibrid'],
      dtype='object', length=553) 

DEBUG:root:encoded dataset row: 
 year               2019.0
mileage           19700.0
engineCapacity      998.0
cylinders             3.0
abarth                0.0
                   ...   
zt                    0.0
benzina               1.0
diesel                0.0
electric              0.0
hibrid                0.0
Name: 0, Length: 553, dtype: float64 

DEBUG:root:input dataset row: 
 year              0.0
mileage           0.0
engineCapacity    0.0
cylinders         0.0
abarth            0.0
                 ... 
zt                0.0
benzina           0.0
diesel            0.0
electric          0.0
hibrid            0.0
Name: 0, Length: 553, dtype: float64 

DEBUG:root:normalized and encoded dataset row: 
 year              0.854167
mileage           0.239739
engineCapacity    0.251102
cylinders         0.142857
abarth            0.000000
                    ...   
zt                0.000000
benzina           0.000000
diesel            1.000000
electric          0.000000
hibrid            0.000000
Name: 0, Length: 553, dtype: float64 

WARNING:tensorflow:11 out of the last 11 calls to <function Model.make_predict_function.<locals>.predict_function at 0x0000012F35DAB040> triggered tf.function retracing. Tracing is expensive and the excessive number of tracings could be due to (1) creating @tf.function repeatedly in a loop, (2) passing tensors with different shapes, (3) passing Python objects instead of tensors. For (1), please define your @tf.function outside of the loop. For (2), @tf.function has experimental_relax_shapes=True option that relaxes argument shapes that can avoid unnecessary retracing. For (3), please refer to https://www.tensorflow.org/guide/function#controlling_retracing and https://www.tensorflow.org/api_docs/python/tf/function for  more details.
INFO:werkzeug:127.0.0.1 - - [26/Jan/2021 18:34:29] "[37mPOST /evaluate_price HTTP/1.1[0m" 200 -
